<?xml version="1.0" encoding="UTF-8"?>
<testsuite name="com.cntt.systemfailure.springboot.domain.posts.PostsRepositoryTest" tests="1" skipped="0" failures="0" errors="0" timestamp="2020-05-19T05:32:24" hostname="DESKTOP-NBRUEI4" time="0.418">
  <properties/>
  <testcase name="게시글저장_불러오기" classname="com.cntt.systemfailure.springboot.domain.posts.PostsRepositoryTest" time="0.418"/>
  <system-out><![CDATA[14:32:20.460 [Test worker] DEBUG org.springframework.test.context.junit4.SpringJUnit4ClassRunner - SpringJUnit4ClassRunner constructor called with [class com.cntt.systemfailure.springboot.domain.posts.PostsRepositoryTest]
14:32:20.467 [Test worker] DEBUG org.springframework.test.context.BootstrapUtils - Instantiating CacheAwareContextLoaderDelegate from class [org.springframework.test.context.cache.DefaultCacheAwareContextLoaderDelegate]
14:32:20.475 [Test worker] DEBUG org.springframework.test.context.BootstrapUtils - Instantiating BootstrapContext using constructor [public org.springframework.test.context.support.DefaultBootstrapContext(java.lang.Class,org.springframework.test.context.CacheAwareContextLoaderDelegate)]
14:32:20.518 [Test worker] DEBUG org.springframework.test.context.BootstrapUtils - Instantiating TestContextBootstrapper for test class [com.cntt.systemfailure.springboot.domain.posts.PostsRepositoryTest] from class [org.springframework.boot.test.context.SpringBootTestContextBootstrapper]
14:32:20.539 [Test worker] INFO org.springframework.boot.test.context.SpringBootTestContextBootstrapper - Neither @ContextConfiguration nor @ContextHierarchy found for test class [com.cntt.systemfailure.springboot.domain.posts.PostsRepositoryTest], using SpringBootContextLoader
14:32:20.544 [Test worker] DEBUG org.springframework.test.context.support.AbstractContextLoader - Did not detect default resource location for test class [com.cntt.systemfailure.springboot.domain.posts.PostsRepositoryTest]: class path resource [com/cntt/systemfailure/springboot/domain/posts/PostsRepositoryTest-context.xml] does not exist
14:32:20.544 [Test worker] DEBUG org.springframework.test.context.support.AbstractContextLoader - Did not detect default resource location for test class [com.cntt.systemfailure.springboot.domain.posts.PostsRepositoryTest]: class path resource [com/cntt/systemfailure/springboot/domain/posts/PostsRepositoryTestContext.groovy] does not exist
14:32:20.545 [Test worker] INFO org.springframework.test.context.support.AbstractContextLoader - Could not detect default resource locations for test class [com.cntt.systemfailure.springboot.domain.posts.PostsRepositoryTest]: no resource found for suffixes {-context.xml, Context.groovy}.
14:32:20.546 [Test worker] INFO org.springframework.test.context.support.AnnotationConfigContextLoaderUtils - Could not detect default configuration classes for test class [com.cntt.systemfailure.springboot.domain.posts.PostsRepositoryTest]: PostsRepositoryTest does not declare any static, non-private, non-final, nested classes annotated with @Configuration.
14:32:20.585 [Test worker] DEBUG org.springframework.test.context.support.ActiveProfilesUtils - Could not find an 'annotation declaring class' for annotation type [org.springframework.test.context.ActiveProfiles] and class [com.cntt.systemfailure.springboot.domain.posts.PostsRepositoryTest]
14:32:20.647 [Test worker] DEBUG org.springframework.context.annotation.ClassPathScanningCandidateComponentProvider - Identified candidate component class: file [D:\cnttech\system-failure-mgnt\systemmgnt-web\build\classes\java\main\com\cntt\systemfailure\springboot\Application.class]
14:32:20.648 [Test worker] INFO org.springframework.boot.test.context.SpringBootTestContextBootstrapper - Found @SpringBootConfiguration com.cntt.systemfailure.springboot.Application for test class com.cntt.systemfailure.springboot.domain.posts.PostsRepositoryTest
14:32:20.744 [Test worker] DEBUG org.springframework.boot.test.context.SpringBootTestContextBootstrapper - @TestExecutionListeners is not present for class [com.cntt.systemfailure.springboot.domain.posts.PostsRepositoryTest]: using defaults.
14:32:20.744 [Test worker] INFO org.springframework.boot.test.context.SpringBootTestContextBootstrapper - Loaded default TestExecutionListener class names from location [META-INF/spring.factories]: [org.springframework.boot.test.autoconfigure.restdocs.RestDocsTestExecutionListener, org.springframework.boot.test.autoconfigure.web.client.MockRestServiceServerResetTestExecutionListener, org.springframework.boot.test.autoconfigure.web.servlet.MockMvcPrintOnlyOnFailureTestExecutionListener, org.springframework.boot.test.autoconfigure.web.servlet.WebDriverTestExecutionListener, org.springframework.boot.test.mock.mockito.MockitoTestExecutionListener, org.springframework.boot.test.mock.mockito.ResetMocksTestExecutionListener, org.springframework.test.context.web.ServletTestExecutionListener, org.springframework.test.context.support.DirtiesContextBeforeModesTestExecutionListener, org.springframework.test.context.support.DependencyInjectionTestExecutionListener, org.springframework.test.context.support.DirtiesContextTestExecutionListener, org.springframework.test.context.transaction.TransactionalTestExecutionListener, org.springframework.test.context.jdbc.SqlScriptsTestExecutionListener, org.springframework.test.context.event.EventPublishingTestExecutionListener]
14:32:20.761 [Test worker] INFO org.springframework.boot.test.context.SpringBootTestContextBootstrapper - Using TestExecutionListeners: [org.springframework.test.context.web.ServletTestExecutionListener@55e57c3b, org.springframework.test.context.support.DirtiesContextBeforeModesTestExecutionListener@30ea053a, org.springframework.boot.test.mock.mockito.MockitoTestExecutionListener@4d8ba6ee, org.springframework.boot.test.autoconfigure.SpringBootDependencyInjectionTestExecutionListener@26d955fb, org.springframework.test.context.support.DirtiesContextTestExecutionListener@5823f1bf, org.springframework.test.context.transaction.TransactionalTestExecutionListener@3880fc54, org.springframework.test.context.jdbc.SqlScriptsTestExecutionListener@282c817c, org.springframework.test.context.event.EventPublishingTestExecutionListener@44b66f0f, org.springframework.boot.test.autoconfigure.restdocs.RestDocsTestExecutionListener@3dfc02f, org.springframework.boot.test.autoconfigure.web.client.MockRestServiceServerResetTestExecutionListener@3c02ee5c, org.springframework.boot.test.autoconfigure.web.servlet.MockMvcPrintOnlyOnFailureTestExecutionListener@70e9afc1, org.springframework.boot.test.autoconfigure.web.servlet.WebDriverTestExecutionListener@7d068c4, org.springframework.boot.test.mock.mockito.ResetMocksTestExecutionListener@7a730ea9]
14:32:20.763 [Test worker] DEBUG org.springframework.test.annotation.ProfileValueUtils - Retrieved @ProfileValueSourceConfiguration [null] for test class [com.cntt.systemfailure.springboot.domain.posts.PostsRepositoryTest]
14:32:20.764 [Test worker] DEBUG org.springframework.test.annotation.ProfileValueUtils - Retrieved ProfileValueSource type [class org.springframework.test.annotation.SystemProfileValueSource] for class [com.cntt.systemfailure.springboot.domain.posts.PostsRepositoryTest]
14:32:20.767 [Test worker] DEBUG org.springframework.test.annotation.ProfileValueUtils - Retrieved @ProfileValueSourceConfiguration [null] for test class [com.cntt.systemfailure.springboot.domain.posts.PostsRepositoryTest]
14:32:20.767 [Test worker] DEBUG org.springframework.test.annotation.ProfileValueUtils - Retrieved ProfileValueSource type [class org.springframework.test.annotation.SystemProfileValueSource] for class [com.cntt.systemfailure.springboot.domain.posts.PostsRepositoryTest]
14:32:20.767 [Test worker] DEBUG org.springframework.test.annotation.ProfileValueUtils - Retrieved @ProfileValueSourceConfiguration [null] for test class [com.cntt.systemfailure.springboot.domain.posts.PostsRepositoryTest]
14:32:20.767 [Test worker] DEBUG org.springframework.test.annotation.ProfileValueUtils - Retrieved ProfileValueSource type [class org.springframework.test.annotation.SystemProfileValueSource] for class [com.cntt.systemfailure.springboot.domain.posts.PostsRepositoryTest]
14:32:20.770 [Test worker] DEBUG org.springframework.test.context.support.AbstractDirtiesContextTestExecutionListener - Before test class: context [DefaultTestContext@70db669b testClass = PostsRepositoryTest, testInstance = [null], testMethod = [null], testException = [null], mergedContextConfiguration = [WebMergedContextConfiguration@5725275 testClass = PostsRepositoryTest, locations = '{}', classes = '{class com.cntt.systemfailure.springboot.Application}', contextInitializerClasses = '[]', activeProfiles = '{}', propertySourceLocations = '{}', propertySourceProperties = '{org.springframework.boot.test.context.SpringBootTestContextBootstrapper=true}', contextCustomizers = set[org.springframework.boot.test.autoconfigure.properties.PropertyMappingContextCustomizer@0, org.springframework.boot.test.autoconfigure.web.servlet.WebDriverContextCustomizerFactory$Customizer@4777d96, org.springframework.boot.test.context.filter.ExcludeFilterContextCustomizer@7b12b199, org.springframework.boot.test.json.DuplicateJsonObjectContextCustomizerFactory$DuplicateJsonObjectContextCustomizer@45a19051, org.springframework.boot.test.mock.mockito.MockitoContextCustomizer@0, org.springframework.boot.test.web.client.TestRestTemplateContextCustomizer@160acd7d], resourceBasePath = 'src/main/webapp', contextLoader = 'org.springframework.boot.test.context.SpringBootContextLoader', parent = [null]], attributes = map['org.springframework.test.context.web.ServletTestExecutionListener.activateListener' -> true]], class annotated with @DirtiesContext [false] with mode [null].
14:32:20.772 [Test worker] DEBUG org.springframework.test.annotation.ProfileValueUtils - Retrieved @ProfileValueSourceConfiguration [null] for test class [com.cntt.systemfailure.springboot.domain.posts.PostsRepositoryTest]
14:32:20.772 [Test worker] DEBUG org.springframework.test.annotation.ProfileValueUtils - Retrieved ProfileValueSource type [class org.springframework.test.annotation.SystemProfileValueSource] for class [com.cntt.systemfailure.springboot.domain.posts.PostsRepositoryTest]
14:32:20.790 [Test worker] DEBUG org.springframework.test.context.support.TestPropertySourceUtils - Adding inlined properties to environment: {spring.jmx.enabled=false, org.springframework.boot.test.context.SpringBootTestContextBootstrapper=true, server.port=-1}

  .   ____          _            __ _ _
 /\\ / ___'_ __ _ _(_)_ __  __ _ \ \ \ \
( ( )\___ | '_ | '_| | '_ \/ _` | \ \ \ \
 \\/  ___)| |_)| | | | | || (_| |  ) ) ) )
  '  |____| .__|_| |_|_| |_\__, | / / / /
 =========|_|==============|___/=/_/_/_/
 :: Spring Boot ::        (v2.2.5.RELEASE)

2020-05-19 14:32:21.004  INFO 18332 --- [    Test worker] c.c.s.s.d.posts.PostsRepositoryTest      : Starting PostsRepositoryTest on DESKTOP-NBRUEI4 with PID 18332 (started by cnttech in D:\cnttech\system-failure-mgnt\systemmgnt-web)
2020-05-19 14:32:21.013  INFO 18332 --- [    Test worker] c.c.s.s.d.posts.PostsRepositoryTest      : No active profile set, falling back to default profiles: default
2020-05-19 14:32:21.575  INFO 18332 --- [    Test worker] .s.d.r.c.RepositoryConfigurationDelegate : Bootstrapping Spring Data JPA repositories in DEFAULT mode.
2020-05-19 14:32:21.644  INFO 18332 --- [    Test worker] .s.d.r.c.RepositoryConfigurationDelegate : Finished Spring Data repository scanning in 57ms. Found 1 JPA repository interfaces.
2020-05-19 14:32:22.154  INFO 18332 --- [    Test worker] com.zaxxer.hikari.HikariDataSource       : HikariPool-1 - Starting...
2020-05-19 14:32:22.366  INFO 18332 --- [    Test worker] com.zaxxer.hikari.HikariDataSource       : HikariPool-1 - Start completed.
2020-05-19 14:32:22.443  INFO 18332 --- [    Test worker] o.hibernate.jpa.internal.util.LogHelper  : HHH000204: Processing PersistenceUnitInfo [name: default]
2020-05-19 14:32:22.531  INFO 18332 --- [    Test worker] org.hibernate.Version                    : HHH000412: Hibernate ORM core version 5.4.12.Final
2020-05-19 14:32:22.679  INFO 18332 --- [    Test worker] o.hibernate.annotations.common.Version   : HCANN000001: Hibernate Commons Annotations {5.1.0.Final}
2020-05-19 14:32:22.822  INFO 18332 --- [    Test worker] org.hibernate.dialect.Dialect            : HHH000400: Using dialect: org.hibernate.dialect.H2Dialect
2020-05-19 14:32:23.418  INFO 18332 --- [    Test worker] o.h.e.t.j.p.i.JtaPlatformInitiator       : HHH000490: Using JtaPlatform implementation: [org.hibernate.engine.transaction.jta.platform.internal.NoJtaPlatform]
2020-05-19 14:32:23.425  INFO 18332 --- [    Test worker] j.LocalContainerEntityManagerFactoryBean : Initialized JPA EntityManagerFactory for persistence unit 'default'
2020-05-19 14:32:23.656  WARN 18332 --- [    Test worker] JpaBaseConfiguration$JpaWebConfiguration : spring.jpa.open-in-view is enabled by default. Therefore, database queries may be performed during view rendering. Explicitly configure spring.jpa.open-in-view to disable this warning
2020-05-19 14:32:24.126  INFO 18332 --- [    Test worker] o.s.s.concurrent.ThreadPoolTaskExecutor  : Initializing ExecutorService 'applicationTaskExecutor'
2020-05-19 14:32:24.212  INFO 18332 --- [    Test worker] o.s.b.a.w.s.WelcomePageHandlerMapping    : Adding welcome page template: index
2020-05-19 14:32:24.498  INFO 18332 --- [    Test worker] c.c.s.s.d.posts.PostsRepositoryTest      : Started PostsRepositoryTest in 3.7 seconds (JVM running for 4.788)
]]></system-out>
  <system-err><![CDATA[]]></system-err>
</testsuite>
